\BOOKMARK [1][-]{section.0}{Changelog}{}% 1
\BOOKMARK [1][-]{section.1}{Quarter 1 Plan}{}% 2
\BOOKMARK [2][-]{subsection.1.1}{Overview}{section.1}% 3
\BOOKMARK [2][-]{subsection.1.2}{Subtopics}{section.1}% 4
\BOOKMARK [3][-]{subsubsection.1.2.1}{Days 1-2}{subsection.1.2}% 5
\BOOKMARK [3][-]{subsubsection.1.2.2}{Days 3-4}{subsection.1.2}% 6
\BOOKMARK [3][-]{subsubsection.1.2.3}{Day 5}{subsection.1.2}% 7
\BOOKMARK [3][-]{subsubsection.1.2.4}{Days 6-9}{subsection.1.2}% 8
\BOOKMARK [3][-]{subsubsection.1.2.5}{Day 10}{subsection.1.2}% 9
\BOOKMARK [3][-]{subsubsection.1.2.6}{Days 11-15}{subsection.1.2}% 10
\BOOKMARK [3][-]{subsubsection.1.2.7}{Days 16-17}{subsection.1.2}% 11
\BOOKMARK [3][-]{subsubsection.1.2.8}{Days 18-20}{subsection.1.2}% 12
\BOOKMARK [3][-]{subsubsection.1.2.9}{Day 21}{subsection.1.2}% 13
\BOOKMARK [3][-]{subsubsection.1.2.10}{Day 22}{subsection.1.2}% 14
\BOOKMARK [1][-]{section.2}{Quarter 2 Plan}{}% 15
\BOOKMARK [2][-]{subsection.2.1}{Overview}{section.2}% 16
\BOOKMARK [2][-]{subsection.2.2}{Subtopics}{section.2}% 17
\BOOKMARK [3][-]{subsubsection.2.2.1}{Day 1}{subsection.2.2}% 18
\BOOKMARK [3][-]{subsubsection.2.2.2}{Days 2-6}{subsection.2.2}% 19
\BOOKMARK [3][-]{subsubsection.2.2.3}{Day 7}{subsection.2.2}% 20
\BOOKMARK [3][-]{subsubsection.2.2.4}{Days 8-15}{subsection.2.2}% 21
\BOOKMARK [3][-]{subsubsection.2.2.5}{Day 16}{subsection.2.2}% 22
\BOOKMARK [3][-]{subsubsection.2.2.6}{Days 17-18}{subsection.2.2}% 23
\BOOKMARK [3][-]{subsubsection.2.2.7}{Days 19-20}{subsection.2.2}% 24
\BOOKMARK [3][-]{subsubsection.2.2.8}{Day 21}{subsection.2.2}% 25
\BOOKMARK [3][-]{subsubsection.2.2.9}{Day 22}{subsection.2.2}% 26
\BOOKMARK [1][-]{section.3}{Quarter 3 Plan}{}% 27
\BOOKMARK [2][-]{subsection.3.1}{Overview}{section.3}% 28
\BOOKMARK [2][-]{subsection.3.2}{Subtopics}{section.3}% 29
\BOOKMARK [3][-]{subsubsection.3.2.1}{Day 1}{subsection.3.2}% 30
\BOOKMARK [3][-]{subsubsection.3.2.2}{Day 2}{subsection.3.2}% 31
\BOOKMARK [3][-]{subsubsection.3.2.3}{Day 3}{subsection.3.2}% 32
\BOOKMARK [3][-]{subsubsection.3.2.4}{Day 4}{subsection.3.2}% 33
\BOOKMARK [3][-]{subsubsection.3.2.5}{Days 5-8}{subsection.3.2}% 34
\BOOKMARK [3][-]{subsubsection.3.2.6}{Days 9-10}{subsection.3.2}% 35
\BOOKMARK [3][-]{subsubsection.3.2.7}{Day 11}{subsection.3.2}% 36
\BOOKMARK [3][-]{subsubsection.3.2.8}{Days 12-13}{subsection.3.2}% 37
\BOOKMARK [3][-]{subsubsection.3.2.9}{Days 14-15}{subsection.3.2}% 38
\BOOKMARK [3][-]{subsubsection.3.2.10}{Day 16}{subsection.3.2}% 39
\BOOKMARK [3][-]{subsubsection.3.2.11}{Day 17}{subsection.3.2}% 40
\BOOKMARK [3][-]{subsubsection.3.2.12}{Day 18}{subsection.3.2}% 41
\BOOKMARK [3][-]{subsubsection.3.2.13}{Days 19-20}{subsection.3.2}% 42
\BOOKMARK [3][-]{subsubsection.3.2.14}{Day 21}{subsection.3.2}% 43
\BOOKMARK [3][-]{subsubsection.3.2.15}{Day 22}{subsection.3.2}% 44
\BOOKMARK [1][-]{section.4}{Quarter 4 Plan}{}% 45
\BOOKMARK [2][-]{subsection.4.1}{Overview}{section.4}% 46
\BOOKMARK [2][-]{subsection.4.2}{Part 1 Subtopics}{section.4}% 47
\BOOKMARK [3][-]{subsubsection.4.2.1}{Day 1}{subsection.4.2}% 48
\BOOKMARK [3][-]{subsubsection.4.2.2}{Days 2-3}{subsection.4.2}% 49
\BOOKMARK [3][-]{subsubsection.4.2.3}{Day 4}{subsection.4.2}% 50
\BOOKMARK [2][-]{subsection.4.3}{Part 2 Subtopics}{section.4}% 51
\BOOKMARK [3][-]{subsubsection.4.3.1}{Day 5}{subsection.4.3}% 52
\BOOKMARK [3][-]{subsubsection.4.3.2}{Days 6-7}{subsection.4.3}% 53
\BOOKMARK [3][-]{subsubsection.4.3.3}{Days 8-9}{subsection.4.3}% 54
\BOOKMARK [3][-]{subsubsection.4.3.4}{Day 10}{subsection.4.3}% 55
\BOOKMARK [3][-]{subsubsection.4.3.5}{Day 11}{subsection.4.3}% 56
\BOOKMARK [3][-]{subsubsection.4.3.6}{Day 12}{subsection.4.3}% 57
\BOOKMARK [3][-]{subsubsection.4.3.7}{Day 13}{subsection.4.3}% 58
\BOOKMARK [3][-]{subsubsection.4.3.8}{Day 14}{subsection.4.3}% 59
\BOOKMARK [3][-]{subsubsection.4.3.9}{Day 15}{subsection.4.3}% 60
\BOOKMARK [3][-]{subsubsection.4.3.10}{Day 16}{subsection.4.3}% 61
\BOOKMARK [3][-]{subsubsection.4.3.11}{Day 17}{subsection.4.3}% 62
\BOOKMARK [3][-]{subsubsection.4.3.12}{Day 18}{subsection.4.3}% 63
\BOOKMARK [3][-]{subsubsection.4.3.13}{Days 19-20}{subsection.4.3}% 64
\BOOKMARK [3][-]{subsubsection.4.3.14}{Days 21-22}{subsection.4.3}% 65
